<?xml version="1.0" encoding="UTF-8"?>
<!-- Generated by org.testng.reporters.JUnitXMLReporter -->
<testsuite ignored="0" hostname="Imran-HP" failures="1" tests="6" name="FunctionalTests" time="126.378" errors="0" timestamp="2020-05-30T20:03:48 CEST">
  <testcase classname="de.ecom.testfaelle.Tf01_SortierungNachNamenTest" name="sortVerificationTest" time="7.56"/>
  <testcase classname="de.ecom.testfaelle.Tf02_KostenVergleichTest" name="kostenVergleichTest" time="6.856"/>
  <testcase classname="de.ecom.testfaelle.Tf03_HinzufuegungVerfuegbarenProducteTest" name="hinzufuegungVerfuegbarenProducteTest" time="5.995">
    <failure type="java.lang.AssertionError" message="The error message displayed is incorrect expected [true] but found [false]">
      <![CDATA[java.lang.AssertionError: The error message displayed is incorrect expected [true] but found [false]
at de.ecom.testfaelle.Tf03_HinzufuegungVerfuegbarenProducteTest.hinzufuegungVerfuegbarenProducteTest(Tf03_HinzufuegungVerfuegbarenProducteTest.java:27)
at java.base/java.util.ArrayList.forEach(ArrayList.java:1507)
... Removed 30 stack frames]]>
    </failure>
  </testcase> <!-- hinzufuegungVerfuegbarenProducteTest -->
  <testcase classname="de.ecom.testfaelle.Tf04_VergleichVonZweiProdukteTest" name="VergleichZweiProdukteTest" time="7.947"/>
  <testcase classname="de.ecom.testfaelle.Tf05_KontoErstellenUndTeilenTest" name="kontoErstellenUndTeilen" time="15.365"/>
  <testcase classname="de.ecom.testfaelle.Tf06_KaufDesProduktsMitRegistriertenEMailTest" name="kaufDesProduktsMitRegistriertenEMailTest" time="43.29"/>
</testsuite> <!-- FunctionalTests -->
