<?xml version="1.0" encoding="UTF-8"?>
<!-- Generated by org.testng.reporters.JUnitXMLReporter -->
<testsuite ignored="0" hostname="Imran-HP" failures="1" tests="1" name="Tf03_HinzufuegungVerfuegbarenProducteTest" time="33.91" errors="0" timestamp="2020-05-04T12:36:48 CEST">
  <testcase classname="de.ecom.testfaelle.Tf03_HinzufuegungVerfuegbarenProducteTest" name="hinzufügungVerfügbarenProducteTest" time="4.611">
    <failure type="java.lang.AssertionError" message="The error message displayed is incorrect expected [true] but found [false]">
      <![CDATA[java.lang.AssertionError: The error message displayed is incorrect expected [true] but found [false]
at de.ecom.testfaelle.Tf03_HinzufuegungVerfuegbarenProducteTest.hinzufügungVerfügbarenProducteTest(Tf03_HinzufuegungVerfuegbarenProducteTest.java:31)
at java.base/java.util.ArrayList.forEach(ArrayList.java:1507)
... Removed 30 stack frames]]>
    </failure>
  </testcase> <!-- hinzufügungVerfügbarenProducteTest -->
</testsuite> <!-- Tf03_HinzufuegungVerfuegbarenProducteTest -->
