<?xml version="1.0" encoding="UTF-8"?>
<testng-results ignored="0" total="7" passed="6" failed="1" skipped="0">
  <reporter-output>
  </reporter-output>
  <suite started-at="2020-05-30T20:01:41 CEST" name="Automation" finished-at="2020-05-30T20:04:19 CEST" duration-ms="158055">
    <groups>
    </groups>
    <test started-at="2020-05-30T20:01:41 CEST" name="FunctionalTests" finished-at="2020-05-30T20:03:48 CEST" duration-ms="126378">
      <class name="de.ecom.testfaelle.Tf04_VergleichVonZweiProdukteTest">
        <test-method is-config="true" signature="setUp(java.lang.String)[pri:0, instance:de.ecom.testfaelle.Tf04_VergleichVonZweiProdukteTest@50b472aa]" started-at="2020-05-30T20:02:23 CEST" name="setUp" finished-at="2020-05-30T20:02:28 CEST" duration-ms="4848" status="PASS">
          <params>
            <param index="0">
              <value>
                <![CDATA[optional value]]>
              </value>
            </param>
          </params>
          <reporter-output>
          </reporter-output>
        </test-method> <!-- setUp -->
        <test-method signature="VergleichZweiProdukteTest()[pri:0, instance:de.ecom.testfaelle.Tf04_VergleichVonZweiProdukteTest@50b472aa]" started-at="2020-05-30T20:02:28 CEST" name="VergleichZweiProdukteTest" finished-at="2020-05-30T20:02:36 CEST" duration-ms="7947" status="PASS">
          <reporter-output>
          </reporter-output>
        </test-method> <!-- VergleichZweiProdukteTest -->
        <test-method is-config="true" signature="tearDown()[pri:0, instance:de.ecom.testfaelle.Tf04_VergleichVonZweiProdukteTest@50b472aa]" started-at="2020-05-30T20:02:36 CEST" name="tearDown" finished-at="2020-05-30T20:02:36 CEST" duration-ms="801" status="PASS">
          <reporter-output>
          </reporter-output>
        </test-method> <!-- tearDown -->
      </class> <!-- de.ecom.testfaelle.Tf04_VergleichVonZweiProdukteTest -->
      <class name="de.ecom.testfaelle.Tf03_HinzufuegungVerfuegbarenProducteTest">
        <test-method is-config="true" signature="setUp(java.lang.String)[pri:0, instance:de.ecom.testfaelle.Tf03_HinzufuegungVerfuegbarenProducteTest@6ca8564a]" started-at="2020-05-30T20:02:10 CEST" name="setUp" finished-at="2020-05-30T20:02:14 CEST" duration-ms="4600" status="PASS">
          <params>
            <param index="0">
              <value>
                <![CDATA[optional value]]>
              </value>
            </param>
          </params>
          <reporter-output>
          </reporter-output>
        </test-method> <!-- setUp -->
        <test-method signature="hinzufuegungVerfuegbarenProducteTest()[pri:0, instance:de.ecom.testfaelle.Tf03_HinzufuegungVerfuegbarenProducteTest@6ca8564a]" started-at="2020-05-30T20:02:14 CEST" name="hinzufuegungVerfuegbarenProducteTest" finished-at="2020-05-30T20:02:20 CEST" duration-ms="5995" status="FAIL">
          <exception class="java.lang.AssertionError">
            <message>
              <![CDATA[The error message displayed is incorrect expected [true] but found [false]]]>
            </message>
            <full-stacktrace>
              <![CDATA[java.lang.AssertionError: The error message displayed is incorrect expected [true] but found [false]
at org.testng.Assert.fail(Assert.java:97)
at org.testng.Assert.failNotEquals(Assert.java:969)
at org.testng.Assert.assertTrue(Assert.java:43)
at de.ecom.testfaelle.Tf03_HinzufuegungVerfuegbarenProducteTest.hinzufuegungVerfuegbarenProducteTest(Tf03_HinzufuegungVerfuegbarenProducteTest.java:27)
at java.base/jdk.internal.reflect.NativeMethodAccessorImpl.invoke0(Native Method)
at java.base/jdk.internal.reflect.NativeMethodAccessorImpl.invoke(NativeMethodAccessorImpl.java:62)
at java.base/jdk.internal.reflect.DelegatingMethodAccessorImpl.invoke(DelegatingMethodAccessorImpl.java:43)
at java.base/java.lang.reflect.Method.invoke(Method.java:567)
at org.testng.internal.MethodInvocationHelper.invokeMethod(MethodInvocationHelper.java:134)
at org.testng.internal.TestInvoker.invokeMethod(TestInvoker.java:597)
at org.testng.internal.TestInvoker.invokeTestMethod(TestInvoker.java:173)
at org.testng.internal.MethodRunner.runInSequence(MethodRunner.java:46)
at org.testng.internal.TestInvoker$MethodInvocationAgent.invoke(TestInvoker.java:816)
at org.testng.internal.TestInvoker.invokeTestMethods(TestInvoker.java:146)
at org.testng.internal.TestMethodWorker.invokeTestMethods(TestMethodWorker.java:146)
at org.testng.internal.TestMethodWorker.run(TestMethodWorker.java:128)
at java.base/java.util.ArrayList.forEach(ArrayList.java:1507)
at org.testng.TestRunner.privateRun(TestRunner.java:766)
at org.testng.TestRunner.run(TestRunner.java:587)
at org.testng.SuiteRunner.runTest(SuiteRunner.java:384)
at org.testng.SuiteRunner.runSequentially(SuiteRunner.java:378)
at org.testng.SuiteRunner.privateRun(SuiteRunner.java:337)
at org.testng.SuiteRunner.run(SuiteRunner.java:286)
at org.testng.SuiteRunnerWorker.runSuite(SuiteRunnerWorker.java:53)
at org.testng.SuiteRunnerWorker.run(SuiteRunnerWorker.java:96)
at org.testng.TestNG.runSuitesSequentially(TestNG.java:1187)
at org.testng.TestNG.runSuitesLocally(TestNG.java:1109)
at org.testng.TestNG.runSuites(TestNG.java:1039)
at org.testng.TestNG.run(TestNG.java:1007)
at org.testng.remote.AbstractRemoteTestNG.run(AbstractRemoteTestNG.java:115)
at org.testng.remote.RemoteTestNG.initAndRun(RemoteTestNG.java:251)
at org.testng.remote.RemoteTestNG.main(RemoteTestNG.java:77)
]]>
            </full-stacktrace>
          </exception> <!-- java.lang.AssertionError -->
          <reporter-output>
          </reporter-output>
        </test-method> <!-- hinzufuegungVerfuegbarenProducteTest -->
        <test-method is-config="true" signature="tearDown()[pri:0, instance:de.ecom.testfaelle.Tf03_HinzufuegungVerfuegbarenProducteTest@6ca8564a]" started-at="2020-05-30T20:02:21 CEST" name="tearDown" finished-at="2020-05-30T20:02:23 CEST" duration-ms="1269" status="PASS">
          <reporter-output>
          </reporter-output>
        </test-method> <!-- tearDown -->
      </class> <!-- de.ecom.testfaelle.Tf03_HinzufuegungVerfuegbarenProducteTest -->
      <class name="de.ecom.testfaelle.Tf06_KaufDesProduktsMitRegistriertenEMailTest">
        <test-method is-config="true" signature="setUp(java.lang.String)[pri:0, instance:de.ecom.testfaelle.Tf06_KaufDesProduktsMitRegistriertenEMailTest@1725dc0f]" started-at="2020-05-30T20:02:59 CEST" name="setUp" finished-at="2020-05-30T20:03:04 CEST" duration-ms="4799" status="PASS">
          <params>
            <param index="0">
              <value>
                <![CDATA[optional value]]>
              </value>
            </param>
          </params>
          <reporter-output>
          </reporter-output>
        </test-method> <!-- setUp -->
        <test-method signature="kaufDesProduktsMitRegistriertenEMailTest(java.lang.String, java.lang.String, java.lang.String, java.lang.String, java.lang.String, java.lang.String, java.lang.String, java.lang.String, java.lang.String)[pri:0, instance:de.ecom.testfaelle.Tf06_KaufDesProduktsMitRegistriertenEMailTest@1725dc0f]" started-at="2020-05-30T20:03:04 CEST" name="kaufDesProduktsMitRegistriertenEMailTest" data-provider="Test06Data" finished-at="2020-05-30T20:03:47 CEST" duration-ms="43290" status="PASS">
          <params>
            <param index="0">
              <value>
                <![CDATA[amarprem123@gmail.com]]>
              </value>
            </param>
            <param index="1">
              <value>
                <![CDATA[amarprem123]]>
              </value>
            </param>
            <param index="2">
              <value>
                <![CDATA[New York]]>
              </value>
            </param>
            <param index="3">
              <value>
                <![CDATA[542896]]>
              </value>
            </param>
            <param index="4">
              <value>
                <![CDATA[ABC]]>
              </value>
            </param>
            <param index="5">
              <value>
                <![CDATA[New York]]>
              </value>
            </param>
            <param index="6">
              <value>
                <![CDATA[New York]]>
              </value>
            </param>
            <param index="7">
              <value>
                <![CDATA[United States]]>
              </value>
            </param>
            <param index="8">
              <value>
                <![CDATA[12345678]]>
              </value>
            </param>
          </params>
          <reporter-output>
          </reporter-output>
        </test-method> <!-- kaufDesProduktsMitRegistriertenEMailTest -->
        <test-method is-config="true" signature="tearDown()[pri:0, instance:de.ecom.testfaelle.Tf06_KaufDesProduktsMitRegistriertenEMailTest@1725dc0f]" started-at="2020-05-30T20:03:47 CEST" name="tearDown" finished-at="2020-05-30T20:03:48 CEST" duration-ms="766" status="PASS">
          <reporter-output>
          </reporter-output>
        </test-method> <!-- tearDown -->
      </class> <!-- de.ecom.testfaelle.Tf06_KaufDesProduktsMitRegistriertenEMailTest -->
      <class name="de.ecom.testfaelle.Tf01_SortierungNachNamenTest">
        <test-method is-config="true" signature="setUp(java.lang.String)[pri:0, instance:de.ecom.testfaelle.Tf01_SortierungNachNamenTest@50a638b5]" started-at="2020-05-30T20:01:41 CEST" name="setUp" finished-at="2020-05-30T20:01:48 CEST" duration-ms="6663" status="PASS">
          <params>
            <param index="0">
              <value>
                <![CDATA[optional value]]>
              </value>
            </param>
          </params>
          <reporter-output>
          </reporter-output>
        </test-method> <!-- setUp -->
        <test-method signature="sortVerificationTest()[pri:0, instance:de.ecom.testfaelle.Tf01_SortierungNachNamenTest@50a638b5]" started-at="2020-05-30T20:01:48 CEST" name="sortVerificationTest" finished-at="2020-05-30T20:01:56 CEST" duration-ms="7560" status="PASS">
          <reporter-output>
          </reporter-output>
        </test-method> <!-- sortVerificationTest -->
        <test-method is-config="true" signature="tearDown()[pri:0, instance:de.ecom.testfaelle.Tf01_SortierungNachNamenTest@50a638b5]" started-at="2020-05-30T20:01:56 CEST" name="tearDown" finished-at="2020-05-30T20:01:56 CEST" duration-ms="854" status="PASS">
          <reporter-output>
          </reporter-output>
        </test-method> <!-- tearDown -->
      </class> <!-- de.ecom.testfaelle.Tf01_SortierungNachNamenTest -->
      <class name="de.ecom.testfaelle.Tf02_KostenVergleichTest">
        <test-method is-config="true" signature="setUp(java.lang.String)[pri:0, instance:de.ecom.testfaelle.Tf02_KostenVergleichTest@1817d444]" started-at="2020-05-30T20:01:56 CEST" name="setUp" finished-at="2020-05-30T20:02:02 CEST" duration-ms="5381" status="PASS">
          <params>
            <param index="0">
              <value>
                <![CDATA[optional value]]>
              </value>
            </param>
          </params>
          <reporter-output>
          </reporter-output>
        </test-method> <!-- setUp -->
        <test-method signature="kostenVergleichTest()[pri:0, instance:de.ecom.testfaelle.Tf02_KostenVergleichTest@1817d444]" started-at="2020-05-30T20:02:02 CEST" name="kostenVergleichTest" finished-at="2020-05-30T20:02:09 CEST" duration-ms="6856" status="PASS">
          <reporter-output>
          </reporter-output>
        </test-method> <!-- kostenVergleichTest -->
        <test-method is-config="true" signature="tearDown()[pri:0, instance:de.ecom.testfaelle.Tf02_KostenVergleichTest@1817d444]" started-at="2020-05-30T20:02:09 CEST" name="tearDown" finished-at="2020-05-30T20:02:10 CEST" duration-ms="951" status="PASS">
          <reporter-output>
          </reporter-output>
        </test-method> <!-- tearDown -->
      </class> <!-- de.ecom.testfaelle.Tf02_KostenVergleichTest -->
      <class name="de.ecom.testfaelle.Tf05_KontoErstellenUndTeilenTest">
        <test-method is-config="true" signature="setUp(java.lang.String)[pri:0, instance:de.ecom.testfaelle.Tf05_KontoErstellenUndTeilenTest@31368b99]" started-at="2020-05-30T20:02:38 CEST" name="setUp" finished-at="2020-05-30T20:02:42 CEST" duration-ms="4845" status="PASS">
          <params>
            <param index="0">
              <value>
                <![CDATA[optional value]]>
              </value>
            </param>
          </params>
          <reporter-output>
          </reporter-output>
        </test-method> <!-- setUp -->
        <test-method signature="kontoErstellenUndTeilen(java.lang.String, java.lang.String, java.lang.String, java.lang.String, java.lang.String, java.lang.String, java.lang.String, java.lang.String, java.lang.String)[pri:0, instance:de.ecom.testfaelle.Tf05_KontoErstellenUndTeilenTest@31368b99]" started-at="2020-05-30T20:02:42 CEST" name="kontoErstellenUndTeilen" data-provider="Test05Data" finished-at="2020-05-30T20:02:58 CEST" duration-ms="15365" status="PASS">
          <params>
            <param index="0">
              <value>
                <![CDATA[dilbar]]>
              </value>
            </param>
            <param index="1">
              <value>
                <![CDATA[prem]]>
              </value>
            </param>
            <param index="2">
              <value>
                <![CDATA[dilbarprem123@gmail.com]]>
              </value>
            </param>
            <param index="3">
              <value>
                <![CDATA[dilbarprem123]]>
              </value>
            </param>
            <param index="4">
              <value>
                <![CDATA[dilbarprem123]]>
              </value>
            </param>
            <param index="5">
              <value>
                <![CDATA[Thank you for registering with Main Website Store.]]>
              </value>
            </param>
            <param index="6">
              <value>
                <![CDATA[jas123@gmail.com]]>
              </value>
            </param>
            <param index="7">
              <value>
                <![CDATA[Sharing a wishlist with jasmine]]>
              </value>
            </param>
            <param index="8">
              <value>
                <![CDATA[Your Wishlist has been shared.]]>
              </value>
            </param>
          </params>
          <reporter-output>
          </reporter-output>
        </test-method> <!-- kontoErstellenUndTeilen -->
        <test-method is-config="true" signature="tearDown()[pri:0, instance:de.ecom.testfaelle.Tf05_KontoErstellenUndTeilenTest@31368b99]" started-at="2020-05-30T20:02:58 CEST" name="tearDown" finished-at="2020-05-30T20:02:59 CEST" duration-ms="804" status="PASS">
          <reporter-output>
          </reporter-output>
        </test-method> <!-- tearDown -->
      </class> <!-- de.ecom.testfaelle.Tf05_KontoErstellenUndTeilenTest -->
    </test> <!-- FunctionalTests -->
    <test started-at="2020-05-30T20:03:48 CEST" name="BackendTests" finished-at="2020-05-30T20:04:19 CEST" duration-ms="31598">
      <class name="de.ecom.testfaelle.Tf07_ExportierensendenAllerBestellungenAlsCSVDatei">
        <test-method is-config="true" signature="setUp(java.lang.String)[pri:0, instance:de.ecom.testfaelle.Tf07_ExportierensendenAllerBestellungenAlsCSVDatei@1afd44cb]" started-at="2020-05-30T20:03:48 CEST" name="setUp" finished-at="2020-05-30T20:03:52 CEST" duration-ms="4460" status="PASS">
          <params>
            <param index="0">
              <value>
                <![CDATA[http://live.demoguru99.com/index.php/backendlogin/]]>
              </value>
            </param>
          </params>
          <reporter-output>
          </reporter-output>
        </test-method> <!-- setUp -->
        <test-method signature="exportierenUndSenden(java.lang.String, java.lang.String, java.lang.String)[pri:0, instance:de.ecom.testfaelle.Tf07_ExportierensendenAllerBestellungenAlsCSVDatei@1afd44cb]" started-at="2020-05-30T20:03:52 CEST" name="exportierenUndSenden" data-provider="Test07Data" finished-at="2020-05-30T20:04:19 CEST" duration-ms="26280" status="PASS">
          <params>
            <param index="0">
              <value>
                <![CDATA[user01]]>
              </value>
            </param>
            <param index="1">
              <value>
                <![CDATA[guru99com]]>
              </value>
            </param>
            <param index="2">
              <value>
                <![CDATA[CSV]]>
              </value>
            </param>
          </params>
          <reporter-output>
          </reporter-output>
        </test-method> <!-- exportierenUndSenden -->
        <test-method is-config="true" signature="tearDown()[pri:0, instance:de.ecom.testfaelle.Tf07_ExportierensendenAllerBestellungenAlsCSVDatei@1afd44cb]" started-at="2020-05-30T20:04:19 CEST" name="tearDown" finished-at="2020-05-30T20:04:19 CEST" duration-ms="761" status="PASS">
          <reporter-output>
          </reporter-output>
        </test-method> <!-- tearDown -->
      </class> <!-- de.ecom.testfaelle.Tf07_ExportierensendenAllerBestellungenAlsCSVDatei -->
    </test> <!-- BackendTests -->
  </suite> <!-- Automation -->
</testng-results>
